<?xml version="1.0" encoding="UTF-8"?>
<!-- Generated by org.testng.reporters.JUnitReportReporter -->
<testsuite hostname="LAPTOP-QA57S91I" failures="0" tests="1" name="com.google.qa.NewTest" time="3.715" errors="0" timestamp="19 ene. 2023 07:34:48 GMT" skipped="0">
  <testcase classname="com.google.qa.NewTest" name="f" time="3.715"/>
</testsuite> <!-- com.google.qa.NewTest -->
